[2016.03.19-13.32.10:766][  0]Log file open, 03/19/16 22:32:10
[2016.03.19-13.32.10:766][  0]LogInit:Display: Running engine for game: Duel
[2016.03.19-13.32.10:766][  0]LogPlatformFile: Not using cached read wrapper
[2016.03.19-13.32.10:766][  0]LogInit:Display: RandInit(302137835) SRandInit(302137837).
[2016.03.19-13.32.10:766][  0]LogTaskGraph: Started task graph with 4 named threads and 7 total threads.
[2016.03.19-13.32.10:766][  0]LogStats: Stats thread started at 0.077001
[2016.03.19-13.32.10:766][  0]LogInit: Version: 4.10.4-2872498+++depot+UE4-Releases+4.10
[2016.03.19-13.32.10:766][  0]LogInit: API Version: 2758231
[2016.03.19-13.32.10:766][  0]LogInit: Compiled (64-bit): Feb 18 2016 15:47:04
[2016.03.19-13.32.10:766][  0]LogInit: Compiled with Visual C++: 19.00.23026.00
[2016.03.19-13.32.10:766][  0]LogInit: Build Configuration: Development
[2016.03.19-13.32.10:766][  0]LogInit: Branch Name: ++depot+UE4-Releases+4.10
[2016.03.19-13.32.10:766][  0]LogInit: Command line:  
[2016.03.19-13.32.10:766][  0]LogInit: Base directory: C:/Program Files (x86)/Epic Games/4.10/Engine/Binaries/Win64/
[2016.03.19-13.32.10:766][  0]LogInit: Rocket: 1
[2016.03.19-13.32.10:774][  0]LogInit: Using libcurl 7.41.0
[2016.03.19-13.32.10:774][  0]LogInit:  - built for x86_64-pc-win32
[2016.03.19-13.32.10:774][  0]LogInit:  - supports SSL with WinSSL
[2016.03.19-13.32.10:774][  0]LogInit:  - other features:
[2016.03.19-13.32.10:774][  0]LogInit:      CURL_VERSION_SSL
[2016.03.19-13.32.10:774][  0]LogInit:      CURL_VERSION_IPV6
[2016.03.19-13.32.10:774][  0]LogInit:      CURL_VERSION_ASYNCHDNS
[2016.03.19-13.32.10:774][  0]LogInit:      CURL_VERSION_LARGEFILE
[2016.03.19-13.32.10:774][  0]LogInit:      CURL_VERSION_IDN
[2016.03.19-13.32.10:774][  0]LogInit:  CurlRequestOptions (configurable via config and command line):
[2016.03.19-13.32.10:774][  0]LogInit:  - bVerifyPeer = true  - Libcurl will verify peer certificate
[2016.03.19-13.32.10:774][  0]LogInit:  - bUseHttpProxy = false  - Libcurl will NOT use HTTP proxy
[2016.03.19-13.32.10:774][  0]LogInit:  - bDontReuseConnections = false  - Libcurl will reuse connections
[2016.03.19-13.32.10:774][  0]LogInit:  - CertBundlePath = nullptr  - Libcurl will use whatever was configured at build time.
[2016.03.19-13.32.10:781][  0]LogInit: Presizing for 0 objects not considered by GC, pre-allocating 0 bytes.
[2016.03.19-13.32.10:786][  0]LogInit: Object subsystem initialized
[2016.03.19-13.32.10:787][  0]LogInit: Selected Device Profile: [Windows]
[2016.03.19-13.32.10:787][  0]LogInit: Applying CVar settings loaded from the selected device profile: [Windows]
[2016.03.19-13.32.10:793][  0]LogInit: Computer: HJCHANG-DESKTOP
[2016.03.19-13.32.10:793][  0]LogInit: User: Administrator
[2016.03.19-13.32.10:793][  0]LogInit: CPU Page size=4096, Cores=4
[2016.03.19-13.32.10:793][  0]LogInit: High frequency timer resolution =3.234375 MHz
[2016.03.19-13.32.10:793][  0]LogMemory: Memory total: Physical=15.9GB (16GB approx)
[2016.03.19-13.32.10:793][  0]LogMemory: Platform Memory Stats for Windows
[2016.03.19-13.32.10:793][  0]LogMemory: Process Physical Memory: 55.45 MB used, 55.45 MB peak
[2016.03.19-13.32.10:793][  0]LogMemory: Process Virtual Memory: 55.57 MB used, 55.57 MB peak
[2016.03.19-13.32.10:793][  0]LogMemory: Physical Memory: 5236.84 MB used, 16299.48 MB total
[2016.03.19-13.32.10:793][  0]LogMemory: Virtual Memory: 362.66 MB used, 134217728.00 MB total
[2016.03.19-13.32.10:839][  0]LogTextLocalizationManager: No specific translations for ('en-GB') exist, so ('en') translations will be used.
[2016.03.19-13.32.11:222][  0]LogD3D11RHI: Found D3D11 adapter 0: NVIDIA GeForce GTX 970 (Feature Level 11_0)
[2016.03.19-13.32.11:222][  0]LogD3D11RHI: Adapter has 3975MB of dedicated video memory, 0MB of dedicated system memory, and 8149MB of shared system memory, 2 output[s]
[2016.03.19-13.32.11:223][  0]LogD3D11RHI: Found D3D11 adapter 1: Microsoft Basic Render Driver (Feature Level 11_0)
[2016.03.19-13.32.11:223][  0]LogD3D11RHI: Adapter has 0MB of dedicated video memory, 0MB of dedicated system memory, and 256MB of shared system memory, 0 output[s]
[2016.03.19-13.32.11:223][  0]LogD3D11RHI: Chosen D3D11 Adapter Id = 0
[2016.03.19-13.32.11:228][  0]LogD3D11RHI: !Direct3DDevice
[2016.03.19-13.32.11:228][  0]LogRHI: Texture pool is 1361 MB (70% of 1945 MB)
[2016.03.19-13.32.11:239][  0]LogD3D11RHI: Async texture creation enabled
[2016.03.19-13.32.11:254][  0]LogShaderCompilers: Guid format shader working directory is -14 characters bigger than the processId version (../../../../../../Users/Administrator/Documents/GitHub/Duel/Duel/Intermediate/Shaders/WorkingDirectory/860/).
[2016.03.19-13.32.11:255][  0]LogShaderCompilers: Cleaned the shader compiler working directory 'C:/Users/ADMINI~1/AppData/Local/Temp/UnrealShaderWorkingDir/20E6C7A8436125845246FC93856CD3C3/'.
[2016.03.19-13.32.11:255][  0]LogShaderCompilers:Display: Using Local Shader Compiler.
[2016.03.19-13.32.12:391][  0]LogTemp:Display: Loaded TP AllDesktopTargetPlatform
[2016.03.19-13.32.12:396][  0]LogTemp:Display: Loaded TP WindowsClientTargetPlatform
[2016.03.19-13.32.12:400][  0]LogTemp:Display: Loaded TP WindowsNoEditorTargetPlatform
[2016.03.19-13.32.12:405][  0]LogTemp:Display: Loaded TP WindowsServerTargetPlatform
[2016.03.19-13.32.12:409][  0]LogTemp:Display: Loaded TP WindowsTargetPlatform
[2016.03.19-13.32.12:412][  0]LogTemp:Display: Loaded TP AndroidTargetPlatform
[2016.03.19-13.32.12:415][  0]LogTemp:Display: Loaded TP Android_ASTCTargetPlatform
[2016.03.19-13.32.12:418][  0]LogTemp:Display: Loaded TP Android_ATCTargetPlatform
[2016.03.19-13.32.12:420][  0]LogTemp:Display: Loaded TP Android_DXTTargetPlatform
[2016.03.19-13.32.12:424][  0]LogTemp:Display: Loaded TP Android_ETC1TargetPlatform
[2016.03.19-13.32.12:427][  0]LogTemp:Display: Loaded TP Android_ETC2TargetPlatform
[2016.03.19-13.32.12:434][  0]LogTemp:Display: Loaded TP Android_MultiTargetPlatform
[2016.03.19-13.32.12:434][  0]LogTemp:Display: Loaded TP Android_PVRTCTargetPlatform
[2016.03.19-13.32.12:434][  0]LogTemp:Display: Loaded TP HTML5TargetPlatform
[2016.03.19-13.32.12:452][  0]LogTemp:Display: Loaded TP IOSTargetPlatform
[2016.03.19-13.32.12:454][  0]LogTemp:Display: Loaded TP LinuxNoEditorTargetPlatform
[2016.03.19-13.32.12:457][  0]LogTemp:Display: Loaded TP LinuxServerTargetPlatform
[2016.03.19-13.32.12:460][  0]LogTemp:Display: Loaded TP LinuxTargetPlatform
[2016.03.19-13.32.12:460][  0]LogTargetPlatformManager:Display: Building Assets For Windows
[2016.03.19-13.32.12:551][  0]LogDerivedDataCache:Display: Max Cache Size: 512 MB
[2016.03.19-13.32.12:593][  0]LogDerivedDataCache: Loaded boot cache 0.04s 41MB C:/Users/Administrator/AppData/Local/UnrealEngine/4.10/DerivedDataCache/Boot.ddc.
[2016.03.19-13.32.12:593][  0]LogDerivedDataCache:Display: Loaded Boot cache: C:/Users/Administrator/AppData/Local/UnrealEngine/4.10/DerivedDataCache/Boot.ddc
[2016.03.19-13.32.12:594][  0]LogDerivedDataCache: FDerivedDataBackendGraph:  Pak pak cache file ../../../../../../Users/Administrator/Documents/GitHub/Duel/Duel/DerivedDataCache/DDC.ddp not found, will not use a pak cache.
[2016.03.19-13.32.12:594][  0]LogDerivedDataCache: Unable to find inner node Pak for hierarchical cache Hierarchy.
[2016.03.19-13.32.12:594][  0]LogDerivedDataCache: FDerivedDataBackendGraph:  CompressedPak pak cache file ../../../../../../Users/Administrator/Documents/GitHub/Duel/Duel/DerivedDataCache/Compressed.ddp not found, will not use a pak cache.
[2016.03.19-13.32.12:594][  0]LogDerivedDataCache: Unable to find inner node CompressedPak for hierarchical cache Hierarchy.
[2016.03.19-13.32.12:643][  0]LogDerivedDataCache:Display: Pak cache opened for reading ../../../Engine/DerivedDataCache/Compressed.ddp.
[2016.03.19-13.32.12:656][  0]LogDerivedDataCache: Using Local data cache path C:/Users/Administrator/AppData/Local/UnrealEngine/Common/DerivedDataCache: Writable
[2016.03.19-13.32.12:829][  0]LogInit: Selected Device Profile: [Windows]
[2016.03.19-13.32.12:831][  0]LogContentStreaming: Texture pool size is 0.000000MB
[2016.03.19-13.32.12:928][  0]LogMeshUtilities: No automatic mesh reduction module available
[2016.03.19-13.32.12:928][  0]LogMeshUtilities: No automatic mesh merging module available
[2016.03.19-13.32.13:152][  0]LogInit: WinSock: version 1.1 (2.2), MaxSocks=32767, MaxUdp=65467
[2016.03.19-13.32.14:107][  0]UdpMessaging: Initializing bridge on interface 0.0.0.0:0 to multicast group 230.0.0.1:6666.
[2016.03.19-13.32.14:211][  0]LogAssetRegistry: FAssetRegistry took 0.0114 seconds to start up
[2016.03.19-13.32.14:376][  0]SourceControl: Info Source control is disabled
[2016.03.19-13.32.14:377][  0]SourceControl: Info Source control is disabled
[2016.03.19-13.32.14:391][  0]SourceControl: Info Source control is disabled
[2016.03.19-13.32.14:404][  0]SourceControl: Info Source control is disabled
[2016.03.19-13.32.14:689][  0]LogObj: 28633 objects as part of root set at end of initial load.
[2016.03.19-13.32.14:689][  0]LogUObjectAllocator: 6099744 out of 0 bytes used by permanent object pool.
[2016.03.19-13.32.14:739][  0]LogEngine: Initializing Engine...
[2016.03.19-13.32.14:742][  0]LogHMD: Can't find Oculus library dev build: is proper Runtime installed? Version: 0.8.0.0
[2016.03.19-13.32.14:742][  0]LogHMD: SteamVR failed to initialize.  Err: 110
[2016.03.19-13.32.14:847][  0]LogAIModule: Creating AISystem for world NewWorld
[2016.03.19-13.32.14:946][  0]LogInit: XAudio2 using '스피커(Realtek High Definition Audio)' : 2 channels at 48 kHz using 32 bits per sample (channel mask 0x3)
[2016.03.19-13.32.14:977][  0]LogInit: FAudioDevice initialized.
[2016.03.19-13.32.15:000][  0]LogDerivedDataCache: Saved boot cache 0.02s 41MB C:/Users/Administrator/AppData/Local/UnrealEngine/4.10/DerivedDataCache/Boot.ddc.
[2016.03.19-13.32.15:005][  0]LogInit: Texture streaming: Enabled
[2016.03.19-13.32.15:011][  0]LogAnalytics: Creating configured Analytics provider AnalyticsET
[2016.03.19-13.32.15:011][  0]LogAnalytics: [UEEditor.Rocket.Release] APIServer = http://et2.epicgames.com/ET2/. AppVersion = 4.10.4-2872498+++depot+UE4-Releases+4.10
[2016.03.19-13.32.15:011][  0]LogAnalytics: [UEEditor.Rocket.Release] SetUserId f5316bad4c69fa3f49c3e5a8e7d21aab|d2a507e96f024db7b84f9ed699c55430|096f79d2-5957-41f0-9db9-f7bdfc633b6c
[2016.03.19-13.32.15:011][  0]LogAnalytics: [UEEditor.Rocket.Release] AnalyticsET::StartSession
[2016.03.19-13.32.15:021][  0]LogInit: Transaction tracking system initialized
[2016.03.19-13.32.15:051][  0]BlueprintLog: New page: Editor Load
[2016.03.19-13.32.15:145][  0]LocalizationService: Info Localization service is disabled
[2016.03.19-13.32.15:226][  0]LogConsoleResponse:Display: 
[2016.03.19-13.32.15:339][  0]LogCook:Display: Done creating registry. It took  0.00s.
[2016.03.19-13.32.15:409][  0]LogFileCache: Scanning file cache for directory 'C:/Users/Administrator/Documents/GitHub/Duel/Duel/Content/' took 0.02s
[2016.03.19-13.32.15:409][  0]SourceControl: Info Source control is disabled
[2016.03.19-13.32.15:409][  0]Cmd: MAP LOAD FILE="../../../../../../Users/Administrator/Documents/GitHub/Duel/Duel/Content/StarterContent/Maps/Minimal_Default.umap" TEMPLATE=0 SHOWPROGRESS=1 FEATURELEVEL=3
[2016.03.19-13.32.15:410][  0]LightingResults: New page: Lighting Build
[2016.03.19-13.32.15:414][  0]MapCheck: New page: Map Check
[2016.03.19-13.32.15:414][  0]LightingResults: New page: Lighting Build
[2016.03.19-13.32.15:423][  0]LogParticles: Destroying 0 GPU particle simulations for FXSystem 0x0000001A6CD6BB00
[2016.03.19-13.32.15:869][  0]LogAIModule: Creating AISystem for world Minimal_Default
[2016.03.19-13.32.15:874][  0]LogEditorServer: Finished looking for orphan Actors (0.000 secs)
[2016.03.19-13.32.15:875][  0]Cmd: MAP CHECKDEP NOCLEARLOG
[2016.03.19-13.32.15:962][  0]MapCheck: Info Map check complete: 0 Error(s), 0 Warning(s), took 86.035ms to complete.
[2016.03.19-13.32.15:962][  0]LogFileHelpers: Loading map 'Minimal_Default' took 0.552
[2016.03.19-13.32.16:091][  0]LogCollectionManager: Loaded 0 collections in 0.002629 seconds
[2016.03.19-13.32.16:136][  0]LogFileCache: Scanning file cache for directory 'C:/Users/Administrator/Documents/GitHub/Duel/Duel/Saved/Collections/' took 0.01s
[2016.03.19-13.32.16:136][  0]LogFileCache: Scanning file cache for directory 'C:/Users/Administrator/Documents/GitHub/Duel/Duel/Content/Developers/Administrator/Collections/' took 0.01s
[2016.03.19-13.32.16:136][  0]LogFileCache: Scanning file cache for directory 'C:/Users/Administrator/Documents/GitHub/Duel/Duel/Content/Collections/' took 0.01s
[2016.03.19-13.32.16:136][  0]LogCollectionManager: Rebuilt the GUID cache for 0 collections in 0.000001 seconds
[2016.03.19-13.32.16:142][  0]LogContentBrowser: Native class hierarchy populated in 0.0058 seconds. Added 1893 classes and 338 folders.
[2016.03.19-13.32.16:149][  0]LogContentBrowser: Native class hierarchy updated for 'WidgetCarousel' in 0.0003 seconds. Added 0 classes and 0 folders.
[2016.03.19-13.32.16:210][  0]LogContentBrowser: Native class hierarchy updated for 'AddContentDialog' in 0.0003 seconds. Added 0 classes and 0 folders.
[2016.03.19-13.32.16:214][  0]LogContentBrowser: Native class hierarchy updated for 'SceneOutliner' in 0.0003 seconds. Added 1 classes and 2 folders.
[2016.03.19-13.32.16:259][  0]LogCrashTracker: Crashtracker disabled due to settings.
[2016.03.19-13.32.16:285][  0]LogWindowsTextInputMethodSystem:Display: IME system now activated using TSF (Microsoft 입력기).
[2016.03.19-13.32.16:306][  0]LogUObjectGlobals:Warning: Failed to find object 'Class None.'
[2016.03.19-13.32.16:329][  0]LogLoad: Full Startup: 5.93 seconds (BP compile: 0.10 seconds)
[2016.03.19-13.32.16:343][  0]LogOcInput: Can't find Oculus library dev build: is proper Runtime installed? Version: 0.8.0.0
[2016.03.19-13.32.16:403][  0]LogContentStreaming: Texture pool size now 1000 MB
[2016.03.19-13.32.16:511][  0]LogRenderer: Reallocating scene render targets to support 1208x572 (Frame:2).
[2016.03.19-13.32.16:755][  3]LogAssetRegistry: Asset discovery search completed in 2.5551 seconds
[2016.03.19-13.32.16:755][  3]LogCollectionManager: Rebuilt the object cache for 0 collections in 0.000001 seconds (found 0 objects)
[2016.03.19-13.32.16:755][  3]LogCollectionManager: Fixed up redirectors for 0 collections in 0.000014 seconds (updated 0 objects)
[2016.03.19-13.32.22:703][664]LogSkeletalMesh: InitArticulated: Bodies already created (/Engine/Transient.DebugSkelMeshComponent_0) - call TermArticulated first.
[2016.03.19-13.32.22:839][664]LogLinker:Warning: Asset '../../../Engine/Content/ArtTools/RenderToTexture/Macros/RenderToTextureMacros.uasset' has been saved with empty engine version. The asset will be loaded but may be incompatible.
[2016.03.19-13.32.23:178][664]LogContentBrowser: Native class hierarchy updated for 'BlueprintGraph' in 0.0006 seconds. Added 107 classes and 0 folders.
[2016.03.19-13.32.23:238][664]LogSkeletalMesh: InitArticulated: Bodies already created (/Engine/Transient.DebugSkelMeshComponent_2) - call TermArticulated first.
[2016.03.19-13.32.23:390][664]LogActorComponent: RegisterComponentWithWorld: (/Engine/Transient.DebugSkelMeshComponent_2) Already registered. Aborting.
[2016.03.19-13.32.23:847][664]LogContentBrowser:Verbose: The majority of assets in the view are of type: AnimSequence
[2016.03.19-13.32.26:093][818]LogSavePackage: Save=11.583073ms
[2016.03.19-13.32.26:093][818]LogSavePackage: Moving '../../../../../../Users/Administrator/Documents/GitHub/Duel/Duel/Saved/Sword1h_WalkStop_LU993F41E34BD27AA90FBBB19AE6BA5BD8.tmp' to '../../../../../../Users/Administrator/Documents/GitHub/Duel/Duel/Content/SwordAnimsetPro/Animations/RootMotion/Sword1h_WalkStop_LU.uasset'
[2016.03.19-13.32.26:094][818]LogSavePackage: Total save time: 20.628404ms
[2016.03.19-13.32.26:094][818]LogSavePackage:Display: Finished SavePackage ../../../../../../Users/Administrator/Documents/GitHub/Duel/Duel/Content/SwordAnimsetPro/Animations/RootMotion/Sword1h_WalkStop_LU.uasset
[2016.03.19-13.32.27:131][872]LogContentBrowser:Verbose: The majority of assets in the view are of type: AnimSequence
[2016.03.19-13.32.30:635][138]LogBlueprintUserMessages: Early PlayInEditor Detection: Level '/Game/StarterContent/Maps/Minimal_Default.Minimal_Default:PersistentLevel' has LevelScriptBlueprint '/Game/StarterContent/Maps/Minimal_Default.Minimal_Default:PersistentLevel.Minimal_Default' with GeneratedClass '/Game/StarterContent/Maps/Minimal_Default.Minimal_Default_C' with ClassGeneratedBy '/Game/StarterContent/Maps/Minimal_Default.Minimal_Default:PersistentLevel.Minimal_Default'
[2016.03.19-13.32.30:635][138]BlueprintLog: New page: Pre-Play auto-recompile
[2016.03.19-13.32.30:637][138]LogPlayLevel: [PlayLevel] Compiling Swordman_Anim before play...
[2016.03.19-13.32.31:015][138]LogPlayLevel: PlayLevel: Blueprint regeneration took 379 ms (1 blueprints)
[2016.03.19-13.32.31:015][138]LogActorComponent: UnregisterComponent: (/Engine/Transient.CharMoveComp) Not registered. Aborting.
[2016.03.19-13.32.31:045][138]LogParticles: Destroying 0 GPU particle simulations for FXSystem 0x0000001A27F07F60
[2016.03.19-13.32.31:046][138]LogParticles: Destroying 0 GPU particle simulations for FXSystem 0x0000001A27F077E0
[2016.03.19-13.32.31:047][138]LogParticles: Destroying 0 GPU particle simulations for FXSystem 0x0000001A324F6480
[2016.03.19-13.32.31:048][138]LogParticles: Destroying 0 GPU particle simulations for FXSystem 0x0000001A3238ADE0
[2016.03.19-13.32.31:049][138]LogParticles: Destroying 0 GPU particle simulations for FXSystem 0x0000001A32388AE0
[2016.03.19-13.32.31:051][138]LogParticles: Destroying 0 GPU particle simulations for FXSystem 0x0000001A3ED31080
[2016.03.19-13.32.31:052][138]LogParticles: Destroying 0 GPU particle simulations for FXSystem 0x0000001A3EBB60C0
[2016.03.19-13.32.31:053][138]LogParticles: Destroying 0 GPU particle simulations for FXSystem 0x0000001A3E69A0C0
[2016.03.19-13.32.31:054][138]LogParticles: Destroying 0 GPU particle simulations for FXSystem 0x0000001A4F6545E0
[2016.03.19-13.32.31:066][138]PIE: New page: PIE session: Minimal_Default (20 Mar 2016 07:32:31)
[2016.03.19-13.32.31:066][138]LogPlayLevel: Creating play world package: /Game/StarterContent/Maps/UEDPIE_0_Minimal_Default
[2016.03.19-13.32.31:073][138]LogPlayLevel: PIE: StaticDuplicateObject took: (0.006801s)
[2016.03.19-13.32.31:073][138]LogAIModule: Creating AISystem for world Minimal_Default
[2016.03.19-13.32.31:074][138]LogPlayLevel: PIE: World Init took: (0.000729s)
[2016.03.19-13.32.31:074][138]LogPlayLevel: PIE: Created PIE world by copying editor world from /Game/StarterContent/Maps/Minimal_Default.Minimal_Default to /Game/StarterContent/Maps/UEDPIE_0_Minimal_Default.Minimal_Default (0.007789s)
[2016.03.19-13.32.31:179][138]LogInit: XAudio2 using '스피커(Realtek High Definition Audio)' : 2 channels at 48 kHz using 32 bits per sample (channel mask 0x3)
[2016.03.19-13.32.31:203][138]LogInit: FAudioDevice initialized.
[2016.03.19-13.32.31:251][138]LogWorld: Game class is 'Duel_Battle_GM_C'
[2016.03.19-13.32.31:254][138]LogWorld: Bringing World /Game/StarterContent/Maps/UEDPIE_0_Minimal_Default.Minimal_Default up for play (max tick rate 0) at 2016.03.19-22.32.31
[2016.03.19-13.32.31:254][138]LogActor:Warning: GameSession /Game/StarterContent/Maps/UEDPIE_0_Minimal_Default.Minimal_Default:PersistentLevel.GameSession_0 has natively added scene component(s), but none of them were set as the actor's RootComponent - picking one arbitrarily
[2016.03.19-13.32.31:255][138]LogActor:Warning: GameNetworkManager /Game/StarterContent/Maps/UEDPIE_0_Minimal_Default.Minimal_Default:PersistentLevel.GameNetworkManager_0 has natively added scene component(s), but none of them were set as the actor's RootComponent - picking one arbitrarily
[2016.03.19-13.32.31:255][138]LogWorld: Bringing up level for play took: 0.002599
[2016.03.19-13.32.31:257][138]PIE: Info Play in editor start time for /Game/StarterContent/Maps/UEDPIE_0_Minimal_Default 0.319
[2016.03.19-13.32.31:257][138]LogBlueprintUserMessages: Late PlayInEditor Detection: Level '/Game/StarterContent/Maps/Minimal_Default.Minimal_Default:PersistentLevel' has LevelScriptBlueprint '/Game/StarterContent/Maps/Minimal_Default.Minimal_Default:PersistentLevel.Minimal_Default' with GeneratedClass '/Game/StarterContent/Maps/Minimal_Default.Minimal_Default_C' with ClassGeneratedBy '/Game/StarterContent/Maps/Minimal_Default.Minimal_Default:PersistentLevel.Minimal_Default'
[2016.03.19-13.32.42:799][165]LogBlueprintUserMessages: Early EndPlayMap Detection: Level '/Game/StarterContent/Maps/Minimal_Default.Minimal_Default:PersistentLevel' has LevelScriptBlueprint '/Game/StarterContent/Maps/Minimal_Default.Minimal_Default:PersistentLevel.Minimal_Default' with GeneratedClass '/Game/StarterContent/Maps/Minimal_Default.Minimal_Default_C' with ClassGeneratedBy '/Game/StarterContent/Maps/Minimal_Default.Minimal_Default:PersistentLevel.Minimal_Default'
[2016.03.19-13.32.42:835][165]LogBlueprintUserMessages: Late EndPlayMap Detection: Level '/Game/StarterContent/Maps/Minimal_Default.Minimal_Default:PersistentLevel' has LevelScriptBlueprint '/Game/StarterContent/Maps/Minimal_Default.Minimal_Default:PersistentLevel.Minimal_Default' with GeneratedClass '/Game/StarterContent/Maps/Minimal_Default.Minimal_Default_C' with ClassGeneratedBy '/Game/StarterContent/Maps/Minimal_Default.Minimal_Default:PersistentLevel.Minimal_Default'
[2016.03.19-13.32.42:874][166]LogParticles: Destroying 0 GPU particle simulations for FXSystem 0x0000001A4FB1CF40
[2016.03.19-13.39.25:539][592]LogBlueprintUserMessages: Early PlayInEditor Detection: Level '/Game/StarterContent/Maps/Minimal_Default.Minimal_Default:PersistentLevel' has LevelScriptBlueprint '/Game/StarterContent/Maps/Minimal_Default.Minimal_Default:PersistentLevel.Minimal_Default' with GeneratedClass '/Game/StarterContent/Maps/Minimal_Default.Minimal_Default_C' with ClassGeneratedBy '/Game/StarterContent/Maps/Minimal_Default.Minimal_Default:PersistentLevel.Minimal_Default'
[2016.03.19-13.39.25:539][592]LogPlayLevel: PlayLevel: No blueprints needed recompiling
[2016.03.19-13.39.25:539][592]PIE: New page: PIE session: Minimal_Default (20 Mar 2016 07:39:25)
[2016.03.19-13.39.25:539][592]LogPlayLevel: Creating play world package: /Game/StarterContent/Maps/UEDPIE_0_Minimal_Default
[2016.03.19-13.39.25:549][592]LogPlayLevel: PIE: StaticDuplicateObject took: (0.010157s)
[2016.03.19-13.39.25:551][592]LogAIModule: Creating AISystem for world Minimal_Default
[2016.03.19-13.39.25:551][592]LogPlayLevel: PIE: World Init took: (0.002324s)
[2016.03.19-13.39.25:552][592]LogPlayLevel: PIE: Created PIE world by copying editor world from /Game/StarterContent/Maps/Minimal_Default.Minimal_Default to /Game/StarterContent/Maps/UEDPIE_0_Minimal_Default.Minimal_Default (0.012683s)
[2016.03.19-13.39.25:552][592]LogActorComponent: UnregisterComponent: (/Engine/Transient.CharMoveComp) Not registered. Aborting.
[2016.03.19-13.39.25:663][592]LogInit: XAudio2 using '스피커(Realtek High Definition Audio)' : 2 channels at 48 kHz using 32 bits per sample (channel mask 0x3)
[2016.03.19-13.39.25:690][592]LogInit: FAudioDevice initialized.
[2016.03.19-13.39.25:723][592]LogWorld: Game class is 'Duel_Battle_GM_C'
[2016.03.19-13.39.25:727][592]LogWorld: Bringing World /Game/StarterContent/Maps/UEDPIE_0_Minimal_Default.Minimal_Default up for play (max tick rate 0) at 2016.03.19-22.39.25
[2016.03.19-13.39.25:727][592]LogActor:Warning: GameSession /Game/StarterContent/Maps/UEDPIE_0_Minimal_Default.Minimal_Default:PersistentLevel.GameSession_1 has natively added scene component(s), but none of them were set as the actor's RootComponent - picking one arbitrarily
[2016.03.19-13.39.25:727][592]LogActor:Warning: GameNetworkManager /Game/StarterContent/Maps/UEDPIE_0_Minimal_Default.Minimal_Default:PersistentLevel.GameNetworkManager_1 has natively added scene component(s), but none of them were set as the actor's RootComponent - picking one arbitrarily
[2016.03.19-13.39.25:727][592]LogWorld: Bringing up level for play took: 0.003050
[2016.03.19-13.39.25:729][592]PIE: Info Play in editor start time for /Game/StarterContent/Maps/UEDPIE_0_Minimal_Default 0.79
[2016.03.19-13.39.25:729][592]LogBlueprintUserMessages: Late PlayInEditor Detection: Level '/Game/StarterContent/Maps/Minimal_Default.Minimal_Default:PersistentLevel' has LevelScriptBlueprint '/Game/StarterContent/Maps/Minimal_Default.Minimal_Default:PersistentLevel.Minimal_Default' with GeneratedClass '/Game/StarterContent/Maps/Minimal_Default.Minimal_Default_C' with ClassGeneratedBy '/Game/StarterContent/Maps/Minimal_Default.Minimal_Default:PersistentLevel.Minimal_Default'
[2016.03.19-13.40.02:393][873]LogBlueprintUserMessages: Early EndPlayMap Detection: Level '/Game/StarterContent/Maps/Minimal_Default.Minimal_Default:PersistentLevel' has LevelScriptBlueprint '/Game/StarterContent/Maps/Minimal_Default.Minimal_Default:PersistentLevel.Minimal_Default' with GeneratedClass '/Game/StarterContent/Maps/Minimal_Default.Minimal_Default_C' with ClassGeneratedBy '/Game/StarterContent/Maps/Minimal_Default.Minimal_Default:PersistentLevel.Minimal_Default'
[2016.03.19-13.40.02:425][873]LogBlueprintUserMessages: Late EndPlayMap Detection: Level '/Game/StarterContent/Maps/Minimal_Default.Minimal_Default:PersistentLevel' has LevelScriptBlueprint '/Game/StarterContent/Maps/Minimal_Default.Minimal_Default:PersistentLevel.Minimal_Default' with GeneratedClass '/Game/StarterContent/Maps/Minimal_Default.Minimal_Default_C' with ClassGeneratedBy '/Game/StarterContent/Maps/Minimal_Default.Minimal_Default:PersistentLevel.Minimal_Default'
[2016.03.19-13.40.02:445][873]LogParticles: Destroying 0 GPU particle simulations for FXSystem 0x0000001A39D48B80
[2016.03.19-13.40.18:247][314]LogSkeletalMesh: InitArticulated: Bodies already created (/Engine/Transient.DebugSkelMeshComponent_7) - call TermArticulated first.
[2016.03.19-13.40.27:923][162]LogContentBrowser:Verbose: The majority of assets in the view are of type: AnimSequence
[2016.03.19-13.45.58:461][377]LogBlueprintUserMessages: Early PlayInEditor Detection: Level '/Game/StarterContent/Maps/Minimal_Default.Minimal_Default:PersistentLevel' has LevelScriptBlueprint '/Game/StarterContent/Maps/Minimal_Default.Minimal_Default:PersistentLevel.Minimal_Default' with GeneratedClass '/Game/StarterContent/Maps/Minimal_Default.Minimal_Default_C' with ClassGeneratedBy '/Game/StarterContent/Maps/Minimal_Default.Minimal_Default:PersistentLevel.Minimal_Default'
[2016.03.19-13.45.58:461][377]LogPlayLevel: PlayLevel: No blueprints needed recompiling
[2016.03.19-13.45.58:461][377]PIE: New page: PIE session: Minimal_Default (20 Mar 2016 07:45:58)
[2016.03.19-13.45.58:461][377]LogPlayLevel: Creating play world package: /Game/StarterContent/Maps/UEDPIE_0_Minimal_Default
[2016.03.19-13.45.58:468][377]LogPlayLevel: PIE: StaticDuplicateObject took: (0.006749s)
[2016.03.19-13.45.58:469][377]LogAIModule: Creating AISystem for world Minimal_Default
[2016.03.19-13.45.58:469][377]LogPlayLevel: PIE: World Init took: (0.001046s)
[2016.03.19-13.45.58:469][377]LogPlayLevel: PIE: Created PIE world by copying editor world from /Game/StarterContent/Maps/Minimal_Default.Minimal_Default to /Game/StarterContent/Maps/UEDPIE_0_Minimal_Default.Minimal_Default (0.008011s)
[2016.03.19-13.45.58:469][377]LogActorComponent: UnregisterComponent: (/Engine/Transient.CharMoveComp) Not registered. Aborting.
[2016.03.19-13.45.58:587][377]LogInit: XAudio2 using '스피커(Realtek High Definition Audio)' : 2 channels at 48 kHz using 32 bits per sample (channel mask 0x3)
[2016.03.19-13.45.58:613][377]LogInit: FAudioDevice initialized.
[2016.03.19-13.45.58:649][377]LogWorld: Game class is 'Duel_Battle_GM_C'
[2016.03.19-13.45.58:653][377]LogWorld: Bringing World /Game/StarterContent/Maps/UEDPIE_0_Minimal_Default.Minimal_Default up for play (max tick rate 0) at 2016.03.19-22.45.58
[2016.03.19-13.45.58:653][377]LogActor:Warning: GameSession /Game/StarterContent/Maps/UEDPIE_0_Minimal_Default.Minimal_Default:PersistentLevel.GameSession_2 has natively added scene component(s), but none of them were set as the actor's RootComponent - picking one arbitrarily
[2016.03.19-13.45.58:653][377]LogActor:Warning: GameNetworkManager /Game/StarterContent/Maps/UEDPIE_0_Minimal_Default.Minimal_Default:PersistentLevel.GameNetworkManager_2 has natively added scene component(s), but none of them were set as the actor's RootComponent - picking one arbitrarily
[2016.03.19-13.45.58:653][377]LogWorld: Bringing up level for play took: 0.002844
[2016.03.19-13.45.58:656][377]PIE: Info Play in editor start time for /Game/StarterContent/Maps/UEDPIE_0_Minimal_Default -0.283
[2016.03.19-13.45.58:656][377]LogBlueprintUserMessages: Late PlayInEditor Detection: Level '/Game/StarterContent/Maps/Minimal_Default.Minimal_Default:PersistentLevel' has LevelScriptBlueprint '/Game/StarterContent/Maps/Minimal_Default.Minimal_Default:PersistentLevel.Minimal_Default' with GeneratedClass '/Game/StarterContent/Maps/Minimal_Default.Minimal_Default_C' with ClassGeneratedBy '/Game/StarterContent/Maps/Minimal_Default.Minimal_Default:PersistentLevel.Minimal_Default'
[2016.03.19-13.46.28:563][649]LogBlueprintUserMessages: Early EndPlayMap Detection: Level '/Game/StarterContent/Maps/Minimal_Default.Minimal_Default:PersistentLevel' has LevelScriptBlueprint '/Game/StarterContent/Maps/Minimal_Default.Minimal_Default:PersistentLevel.Minimal_Default' with GeneratedClass '/Game/StarterContent/Maps/Minimal_Default.Minimal_Default_C' with ClassGeneratedBy '/Game/StarterContent/Maps/Minimal_Default.Minimal_Default:PersistentLevel.Minimal_Default'
[2016.03.19-13.46.28:597][649]LogBlueprintUserMessages: Late EndPlayMap Detection: Level '/Game/StarterContent/Maps/Minimal_Default.Minimal_Default:PersistentLevel' has LevelScriptBlueprint '/Game/StarterContent/Maps/Minimal_Default.Minimal_Default:PersistentLevel.Minimal_Default' with GeneratedClass '/Game/StarterContent/Maps/Minimal_Default.Minimal_Default_C' with ClassGeneratedBy '/Game/StarterContent/Maps/Minimal_Default.Minimal_Default:PersistentLevel.Minimal_Default'
[2016.03.19-13.46.28:617][649]LogParticles: Destroying 0 GPU particle simulations for FXSystem 0x0000001A368B4720
[2016.03.19-14.17.48:416][588]LogBlueprintUserMessages: Early PlayInEditor Detection: Level '/Game/StarterContent/Maps/Minimal_Default.Minimal_Default:PersistentLevel' has LevelScriptBlueprint '/Game/StarterContent/Maps/Minimal_Default.Minimal_Default:PersistentLevel.Minimal_Default' with GeneratedClass '/Game/StarterContent/Maps/Minimal_Default.Minimal_Default_C' with ClassGeneratedBy '/Game/StarterContent/Maps/Minimal_Default.Minimal_Default:PersistentLevel.Minimal_Default'
[2016.03.19-14.17.48:416][588]LogPlayLevel: PlayLevel: No blueprints needed recompiling
[2016.03.19-14.17.48:417][588]PIE: New page: PIE session: Minimal_Default (20 Mar 2016 08:17:48)
[2016.03.19-14.17.48:417][588]LogPlayLevel: Creating play world package: /Game/StarterContent/Maps/UEDPIE_0_Minimal_Default
[2016.03.19-14.17.48:424][588]LogPlayLevel: PIE: StaticDuplicateObject took: (0.007553s)
[2016.03.19-14.17.48:426][588]LogAIModule: Creating AISystem for world Minimal_Default
[2016.03.19-14.17.48:427][588]LogPlayLevel: PIE: World Init took: (0.002358s)
[2016.03.19-14.17.48:427][588]LogPlayLevel: PIE: Created PIE world by copying editor world from /Game/StarterContent/Maps/Minimal_Default.Minimal_Default to /Game/StarterContent/Maps/UEDPIE_0_Minimal_Default.Minimal_Default (0.010106s)
[2016.03.19-14.17.48:427][588]LogActorComponent: UnregisterComponent: (/Engine/Transient.CharMoveComp) Not registered. Aborting.
[2016.03.19-14.17.48:542][588]LogInit: XAudio2 using '스피커(Realtek High Definition Audio)' : 2 channels at 48 kHz using 32 bits per sample (channel mask 0x3)
[2016.03.19-14.17.48:568][588]LogInit: FAudioDevice initialized.
[2016.03.19-14.17.48:606][588]LogWorld: Game class is 'Duel_Battle_GM_C'
[2016.03.19-14.17.48:609][588]LogWorld: Bringing World /Game/StarterContent/Maps/UEDPIE_0_Minimal_Default.Minimal_Default up for play (max tick rate 0) at 2016.03.19-23.17.48
[2016.03.19-14.17.48:609][588]LogActor:Warning: GameSession /Game/StarterContent/Maps/UEDPIE_0_Minimal_Default.Minimal_Default:PersistentLevel.GameSession_3 has natively added scene component(s), but none of them were set as the actor's RootComponent - picking one arbitrarily
[2016.03.19-14.17.48:609][588]LogActor:Warning: GameNetworkManager /Game/StarterContent/Maps/UEDPIE_0_Minimal_Default.Minimal_Default:PersistentLevel.GameNetworkManager_3 has natively added scene component(s), but none of them were set as the actor's RootComponent - picking one arbitrarily
[2016.03.19-14.17.48:609][588]LogWorld: Bringing up level for play took: 0.002796
[2016.03.19-14.17.48:612][588]PIE: Info Play in editor start time for /Game/StarterContent/Maps/UEDPIE_0_Minimal_Default -0.327
[2016.03.19-14.17.48:612][588]LogBlueprintUserMessages: Late PlayInEditor Detection: Level '/Game/StarterContent/Maps/Minimal_Default.Minimal_Default:PersistentLevel' has LevelScriptBlueprint '/Game/StarterContent/Maps/Minimal_Default.Minimal_Default:PersistentLevel.Minimal_Default' with GeneratedClass '/Game/StarterContent/Maps/Minimal_Default.Minimal_Default_C' with ClassGeneratedBy '/Game/StarterContent/Maps/Minimal_Default.Minimal_Default:PersistentLevel.Minimal_Default'
[2016.03.19-14.17.54:138][  1]LogBlueprintUserMessages: Early EndPlayMap Detection: Level '/Game/StarterContent/Maps/Minimal_Default.Minimal_Default:PersistentLevel' has LevelScriptBlueprint '/Game/StarterContent/Maps/Minimal_Default.Minimal_Default:PersistentLevel.Minimal_Default' with GeneratedClass '/Game/StarterContent/Maps/Minimal_Default.Minimal_Default_C' with ClassGeneratedBy '/Game/StarterContent/Maps/Minimal_Default.Minimal_Default:PersistentLevel.Minimal_Default'
[2016.03.19-14.17.54:172][  1]LogBlueprintUserMessages: Late EndPlayMap Detection: Level '/Game/StarterContent/Maps/Minimal_Default.Minimal_Default:PersistentLevel' has LevelScriptBlueprint '/Game/StarterContent/Maps/Minimal_Default.Minimal_Default:PersistentLevel.Minimal_Default' with GeneratedClass '/Game/StarterContent/Maps/Minimal_Default.Minimal_Default_C' with ClassGeneratedBy '/Game/StarterContent/Maps/Minimal_Default.Minimal_Default:PersistentLevel.Minimal_Default'
[2016.03.19-14.17.54:192][  1]LogParticles: Destroying 0 GPU particle simulations for FXSystem 0x0000001A099BFF60
[2016.03.19-14.55.43:327][ 63]LogActorComponent: UnregisterComponent: (/Engine/Transient.CharMoveComp) Not registered. Aborting.
[2016.03.19-14.55.43:554][ 63]LogWindowsTextInputMethodSystem:Display: IME system now activated using TSF (Microsoft 입력기).
[2016.03.19-14.55.43:749][ 64]Cmd: QUIT_EDITOR
[2016.03.19-14.55.44:311][ 64]LogExit: Preparing to exit.
[2016.03.19-14.55.45:648][ 64]LogExit: Editor shut down
[2016.03.19-14.55.45:650][ 64]LogExit: Transaction tracking system shut down
[2016.03.19-14.55.45:652][ 64]LogParticles: Destroying 0 GPU particle simulations for FXSystem 0x0000001A635B28E0
[2016.03.19-14.55.45:654][ 64]LogParticles: Destroying 0 GPU particle simulations for FXSystem 0x0000001A0366F880
[2016.03.19-14.55.45:654][ 64]LogParticles: Destroying 0 GPU particle simulations for FXSystem 0x0000001A7AD0C220
[2016.03.19-14.55.45:657][ 64]LogParticles: Destroying 0 GPU particle simulations for FXSystem 0x0000001A16104540
[2016.03.19-14.55.45:658][ 64]LogParticles: Destroying 0 GPU particle simulations for FXSystem 0x0000001A15A93F60
[2016.03.19-14.55.45:663][ 64]LogParticles: Destroying 0 GPU particle simulations for FXSystem 0x0000001A611F91C0
[2016.03.19-14.55.45:663][ 64]LogParticles: Destroying 0 GPU particle simulations for FXSystem 0x0000001A3EDD49A0
[2016.03.19-14.55.45:664][ 64]LogParticles: Destroying 0 GPU particle simulations for FXSystem 0x0000001A81A0DDA0
[2016.03.19-14.55.45:667][ 64]LogParticles: Destroying 0 GPU particle simulations for FXSystem 0x0000001A62AC1E40
[2016.03.19-14.55.45:868][ 64]LogParticles: Destroying 0 GPU particle simulations for FXSystem 0x0000001A62AC0FE0
[2016.03.19-14.55.45:868][ 64]LogExit: Object subsystem successfully closed.
[2016.03.19-14.55.45:884][ 64]LogD3D11RHI: Shutdown
[2016.03.19-14.55.45:884][ 64]LogD3D11RHI: CleanupD3DDevice
[2016.03.19-14.55.45:988][ 64]LogD3D11RHI: ~FD3D11DynamicRHI
[2016.03.19-14.55.46:014][ 64]LogModuleManager: Shutting down and abandoning module CookingStats (201)
[2016.03.19-14.55.46:014][ 64]LogModuleManager: Shutting down and abandoning module BlueprintGraph (200)
[2016.03.19-14.55.46:014][ 64]LogModuleManager: Shutting down and abandoning module ExternalImagePicker (199)
[2016.03.19-14.55.46:014][ 64]LogModuleManager: Shutting down and abandoning module CrashTracker (198)
[2016.03.19-14.55.46:014][ 64]LogModuleManager: Shutting down and abandoning module SceneOutliner (197)
[2016.03.19-14.55.46:014][ 64]LogModuleManager: Shutting down and abandoning module SuperSearch (196)
[2016.03.19-14.55.46:014][ 64]LogModuleManager: Shutting down and abandoning module WidgetCarousel (195)
[2016.03.19-14.55.46:014][ 64]LogModuleManager: Shutting down and abandoning module AddContentDialog (194)
[2016.03.19-14.55.46:016][ 64]LogModuleManager: Shutting down and abandoning module EditorWidgets (193)
[2016.03.19-14.55.46:016][ 64]LogModuleManager: Shutting down and abandoning module CollectionManager (192)
[2016.03.19-14.55.46:016][ 64]LogModuleManager: Shutting down and abandoning module StatsViewer (191)
[2016.03.19-14.55.46:016][ 64]LogModuleManager: Shutting down and abandoning module FoliageEdit (190)
[2016.03.19-14.55.46:016][ 64]LogModuleManager: Shutting down and abandoning module LandscapeEditor (189)
[2016.03.19-14.55.46:017][ 64]LogModuleManager: Shutting down and abandoning module ActorPickerMode (188)
[2016.03.19-14.55.46:017][ 64]LogModuleManager: Shutting down and abandoning module GeometryMode (187)
[2016.03.19-14.55.46:017][ 64]LogModuleManager: Shutting down and abandoning module TextureAlignMode (186)
[2016.03.19-14.55.46:017][ 64]LogModuleManager: Shutting down and abandoning module BspMode (185)
[2016.03.19-14.55.46:017][ 64]LogModuleManager: Shutting down and abandoning module PlacementMode (184)
[2016.03.19-14.55.46:017][ 64]LogModuleManager: Shutting down and abandoning module AutomationWorker (183)
[2016.03.19-14.55.46:017][ 64]LogModuleManager: Shutting down and abandoning module CharacterAI (182)
[2016.03.19-14.55.46:017][ 64]LogModuleManager: Shutting down and abandoning module SmartSnapping (181)
[2016.03.19-14.55.46:017][ 64]LogModuleManager: Shutting down and abandoning module ViewportSnapping (180)
[2016.03.19-14.55.46:017][ 64]LogModuleManager: Shutting down and abandoning module LogVisualizer (179)
[2016.03.19-14.55.46:017][ 64]LogModuleManager: Shutting down and abandoning module GameProjectGeneration (178)
[2016.03.19-14.55.46:017][ 64]LogModuleManager: Shutting down and abandoning module IntroTutorials (177)
[2016.03.19-14.55.46:017][ 64]LogModuleManager: Shutting down and abandoning module EditorLiveStreaming (176)
[2016.03.19-14.55.46:017][ 64]LogModuleManager: Shutting down and abandoning module IOSPlatformEditor (175)
[2016.03.19-14.55.46:017][ 64]LogModuleManager: Shutting down and abandoning module HTML5PlatformEditor (174)
[2016.03.19-14.55.46:017][ 64]LogModuleManager: Shutting down and abandoning module AndroidDeviceDetection (173)
[2016.03.19-14.55.46:507][ 64]LogModuleManager: Shutting down and abandoning module AndroidPlatformEditor (172)
[2016.03.19-14.55.46:507][ 64]LogModuleManager: Shutting down and abandoning module IOSRuntimeSettings (171)
[2016.03.19-14.55.46:507][ 64]LogModuleManager: Shutting down and abandoning module AndroidRuntimeSettings (170)
[2016.03.19-14.55.46:507][ 64]LogModuleManager: Shutting down and abandoning module MergeActors (169)
[2016.03.19-14.55.46:507][ 64]LogModuleManager: Shutting down and abandoning module SizeMap (168)
[2016.03.19-14.55.46:508][ 64]LogModuleManager: Shutting down and abandoning module TreeMap (167)
[2016.03.19-14.55.46:508][ 64]LogModuleManager: Shutting down and abandoning module ReferenceViewer (166)
[2016.03.19-14.55.46:508][ 64]LogModuleManager: Shutting down and abandoning module LocalizationService (165)
[2016.03.19-14.55.46:508][ 64]LogModuleManager: Shutting down and abandoning module LocalizationDashboard (164)
[2016.03.19-14.55.46:508][ 64]LogModuleManager: Shutting down and abandoning module HardwareTargeting (163)
[2016.03.19-14.55.46:508][ 64]LogModuleManager: Shutting down and abandoning module DeviceProfileEditor (162)
[2016.03.19-14.55.46:508][ 64]LogModuleManager: Shutting down and abandoning module UndoHistory (161)
[2016.03.19-14.55.46:508][ 64]LogModuleManager: Shutting down and abandoning module GameplayTagsEditor (160)
[2016.03.19-14.55.46:508][ 64]LogModuleManager: Shutting down and abandoning module UserFeedback (159)
[2016.03.19-14.55.46:508][ 64]LogModuleManager: Shutting down and abandoning module XmlParser (158)
[2016.03.19-14.55.46:508][ 64]LogModuleManager: Shutting down and abandoning module Blutility (157)
[2016.03.19-14.55.46:508][ 64]LogModuleManager: Shutting down and abandoning module ProjectTargetPlatformEditor (156)
[2016.03.19-14.55.46:508][ 64]LogModuleManager: Shutting down and abandoning module ProjectSettingsViewer (155)
[2016.03.19-14.55.46:508][ 64]LogModuleManager: Shutting down and abandoning module InputBindingEditor (154)
[2016.03.19-14.55.46:508][ 64]LogModuleManager: Shutting down and abandoning module EditorSettingsViewer (153)
[2016.03.19-14.55.46:508][ 64]LogModuleManager: Shutting down and abandoning module SettingsEditor (152)
[2016.03.19-14.55.46:508][ 64]LogModuleManager: Shutting down and abandoning module ProjectLauncher (151)
[2016.03.19-14.55.46:508][ 64]LogModuleManager: Shutting down and abandoning module SessionFrontend (150)
[2016.03.19-14.55.46:508][ 64]LogModuleManager: Shutting down and abandoning module ProfilerClient (149)
[2016.03.19-14.55.46:508][ 64]LogModuleManager: Shutting down and abandoning module TargetDeviceServices (148)
[2016.03.19-14.55.46:508][ 64]LogModuleManager: Shutting down and abandoning module DeviceManager (147)
[2016.03.19-14.55.46:508][ 64]LogModuleManager: Shutting down and abandoning module AutomationController (146)
[2016.03.19-14.55.46:508][ 64]LogModuleManager: Shutting down and abandoning module AutomationWindow (145)
[2016.03.19-14.55.46:508][ 64]LogModuleManager: Shutting down and abandoning module Layers (144)
[2016.03.19-14.55.46:508][ 64]LogModuleManager: Shutting down and abandoning module ComponentVisualizers (143)
[2016.03.19-14.55.46:508][ 64]LogModuleManager: Shutting down and abandoning module DetailCustomizations (142)
[2016.03.19-14.55.46:508][ 64]LogModuleManager: Shutting down and abandoning module PackagesDialog (141)
[2016.03.19-14.55.46:509][ 64]LogModuleManager: Shutting down and abandoning module Persona (140)
[2016.03.19-14.55.46:509][ 64]LogModuleManager: Shutting down and abandoning module Kismet (139)
[2016.03.19-14.55.46:509][ 64]LogModuleManager: Shutting down and abandoning module GraphEditor (138)
[2016.03.19-14.55.46:509][ 64]LogModuleManager: Shutting down and abandoning module ClassViewer (137)
[2016.03.19-14.55.46:509][ 64]LogModuleManager: Shutting down and abandoning module Toolbox (136)
[2016.03.19-14.55.46:509][ 64]LogModuleManager: Shutting down and abandoning module ModuleUI (135)
[2016.03.19-14.55.46:509][ 64]LogModuleManager: Shutting down and abandoning module MovieSceneTools (134)
[2016.03.19-14.55.46:509][ 64]LogModuleManager: Shutting down and abandoning module OutputLog (133)
[2016.03.19-14.55.46:509][ 64]LogModuleManager: Shutting down and abandoning module GammaUI (132)
[2016.03.19-14.55.46:509][ 64]LogModuleManager: Shutting down and abandoning module Documentation (131)
[2016.03.19-14.55.46:509][ 64]LogModuleManager: Shutting down and abandoning module GameLiveStreaming (130)
[2016.03.19-14.55.46:509][ 64]LogModuleManager: Shutting down and abandoning module StreamingPauseRendering (129)
[2016.03.19-14.55.46:509][ 64]LogModuleManager: Shutting down and abandoning module AnalyticsET (128)
[2016.03.19-14.55.46:509][ 64]LogModuleManager: Shutting down and abandoning module Analytics (127)
[2016.03.19-14.55.46:509][ 64]LogModuleManager: Shutting down and abandoning module AITestSuite (126)
[2016.03.19-14.55.46:509][ 64]LogModuleManager: Shutting down and abandoning module GameplayDebugger (125)
[2016.03.19-14.55.46:509][ 64]LogModuleManager: Shutting down and abandoning module AIModule (124)
[2016.03.19-14.55.46:509][ 64]LogModuleManager: Shutting down and abandoning module ProfilerService (123)
[2016.03.19-14.55.46:619][ 64]LogModuleManager: Shutting down and abandoning module TaskGraph (122)
[2016.03.19-14.55.46:620][ 64]LogModuleManager: Shutting down and abandoning module SlateRemote (121)
[2016.03.19-14.55.46:620][ 64]LogModuleManager: Shutting down and abandoning module SteamVRController (120)
[2016.03.19-14.55.46:620][ 64]LogModuleManager: Shutting down and abandoning module SteamVR (119)
[2016.03.19-14.55.46:620][ 64]LogModuleManager: Shutting down and abandoning module ProceduralMeshComponent (118)
[2016.03.19-14.55.46:620][ 64]LogModuleManager: Shutting down and abandoning module OculusLibrary (117)
[2016.03.19-14.55.46:620][ 64]LogModuleManager: Shutting down and abandoning module OculusInput (116)
[2016.03.19-14.55.46:620][ 64]LogModuleManager: Shutting down and abandoning module LeapMotionController (115)
[2016.03.19-14.55.46:643][ 64]LogModuleManager: Shutting down and abandoning module CustomMeshComponent (114)
[2016.03.19-14.55.46:643][ 64]LogModuleManager: Shutting down and abandoning module CableComponent (113)
[2016.03.19-14.55.46:643][ 64]LogModuleManager: Shutting down and abandoning module ArchVisCharacter (112)
[2016.03.19-14.55.46:643][ 64]LogModuleManager: Shutting down and abandoning module MessagingDebugger (111)
[2016.03.19-14.55.46:643][ 64]LogModuleManager: Shutting down and abandoning module MediaPlayerEditor (110)
[2016.03.19-14.55.46:643][ 64]LogModuleManager: Shutting down and abandoning module HTML5Networking (109)
[2016.03.19-14.55.46:643][ 64]LogModuleManager: Shutting down and abandoning module SpeedTreeImporter (108)
[2016.03.19-14.55.46:643][ 64]LogModuleManager: Shutting down and abandoning module PluginBrowser (107)
[2016.03.19-14.55.46:643][ 64]LogModuleManager: Shutting down and abandoning module EpicSurvey (106)
[2016.03.19-14.55.46:643][ 64]LogModuleManager: Shutting down and abandoning module DesktopPlatform (105)
[2016.03.19-14.55.46:643][ 64]LogModuleManager: Shutting down and abandoning module VisualStudioSourceCodeAccess (104)
[2016.03.19-14.55.46:643][ 64]LogModuleManager: Shutting down and abandoning module UObjectPlugin (103)
[2016.03.19-14.55.46:643][ 64]LogModuleManager: Shutting down and abandoning module SubversionSourceControl (102)
[2016.03.19-14.55.46:643][ 64]LogModuleManager: Shutting down and abandoning module PerforceSourceControl (101)
[2016.03.19-14.55.46:643][ 64]LogModuleManager: Shutting down and abandoning module SourceControl (100)
[2016.03.19-14.55.46:643][ 64]LogModuleManager: Shutting down and abandoning module GitSourceControl (99)
[2016.03.19-14.55.46:643][ 64]LogModuleManager: Shutting down and abandoning module LightPropagationVolumeEditor (98)
[2016.03.19-14.55.46:643][ 64]LogModuleManager: Shutting down and abandoning module PaperTiledImporter (97)
[2016.03.19-14.55.46:643][ 64]LogModuleManager: Shutting down and abandoning module PaperSpriteSheetImporter (96)
[2016.03.19-14.55.46:643][ 64]LogModuleManager: Shutting down and abandoning module MeshPaint (95)
[2016.03.19-14.55.46:643][ 64]LogModuleManager: Shutting down and abandoning module SlateReflector (94)
[2016.03.19-14.55.46:643][ 64]LogModuleManager: Shutting down and abandoning module HotReload (93)
[2016.03.19-14.55.46:643][ 64]LogModuleManager: Shutting down and abandoning module MainFrame (92)
[2016.03.19-14.55.46:643][ 64]LogModuleManager: Shutting down and abandoning module LevelEditor (91)
[2016.03.19-14.55.46:644][ 64]LogModuleManager: Shutting down and abandoning module DirectoryWatcher (90)
[2016.03.19-14.55.46:646][ 64]LogModuleManager: Shutting down and abandoning module AssetRegistry (89)
[2016.03.19-14.55.46:695][ 64]LogModuleManager: Shutting down and abandoning module ContentBrowser (88)
[2016.03.19-14.55.46:696][ 64]LogModuleManager: Shutting down and abandoning module Paper2DEditor (87)
[2016.03.19-14.55.46:696][ 64]LogModuleManager: Shutting down and abandoning module UdpMessaging (86)
[2016.03.19-14.55.46:798][ 64]LogModuleManager: Shutting down and abandoning module LightPropagationVolumeRuntime (85)
[2016.03.19-14.55.46:798][ 64]LogModuleManager: Shutting down and abandoning module Paper2D (84)
[2016.03.19-14.55.46:798][ 64]LogModuleManager: Shutting down and abandoning module WindowsMoviePlayer (83)
[2016.03.19-14.55.46:800][ 64]LogModuleManager: Shutting down and abandoning module Media (82)
[2016.03.19-14.55.46:800][ 64]LogModuleManager: Shutting down and abandoning module WmfMedia (81)
[2016.03.19-14.55.46:800][ 64]LogModuleManager: Shutting down and abandoning module OnlineBlueprintSupport (80)
[2016.03.19-14.55.46:800][ 64]LogModuleManager: Shutting down and abandoning module GameplayTasksEditor (79)
[2016.03.19-14.55.46:800][ 64]LogModuleManager: Shutting down and abandoning module PropertyEditor (78)
[2016.03.19-14.55.46:800][ 64]LogModuleManager: Shutting down and abandoning module BehaviorTreeEditor (77)
[2016.03.19-14.55.46:800][ 64]LogModuleManager: Shutting down and abandoning module FunctionalTesting (76)
[2016.03.19-14.55.46:800][ 64]LogModuleManager: Shutting down and abandoning module CollisionAnalyzer (75)
[2016.03.19-14.55.46:800][ 64]LogModuleManager: Shutting down and abandoning module WorkspaceMenuStructure (74)
[2016.03.19-14.55.46:800][ 64]LogModuleManager: Shutting down and abandoning module MessageLog (73)
[2016.03.19-14.55.46:800][ 64]LogModuleManager: Shutting down and abandoning module Sequencer (72)
[2016.03.19-14.55.46:800][ 64]LogModuleManager: Shutting down and abandoning module AssetTools (71)
[2016.03.19-14.55.46:800][ 64]LogModuleManager: Shutting down and abandoning module UMGEditor (70)
[2016.03.19-14.55.46:800][ 64]LogModuleManager: Shutting down and abandoning module UMG (69)
[2016.03.19-14.55.46:800][ 64]LogModuleManager: Shutting down and abandoning module Slate (68)
[2016.03.19-14.55.46:800][ 64]LogModuleManager: Shutting down and abandoning module EditorStyle (67)
[2016.03.19-14.55.46:802][ 64]LogModuleManager: Shutting down and abandoning module SessionServices (66)
[2016.03.19-14.55.46:802][ 64]LogModuleManager: Shutting down and abandoning module SourceCodeAccess (65)
[2016.03.19-14.55.46:802][ 64]LogModuleManager: Shutting down and abandoning module HeadMountedDisplay (64)
[2016.03.19-14.55.46:802][ 64]LogModuleManager: Shutting down and abandoning module XAudio2 (63)
[2016.03.19-14.55.46:802][ 64]LogModuleManager: Shutting down and abandoning module Networking (61)
[2016.03.19-14.55.46:802][ 64]LogModuleManager: Shutting down and abandoning module Core (60)
[2016.03.19-14.55.46:802][ 64]LogModuleManager: Shutting down and abandoning module KismetCompiler (59)
[2016.03.19-14.55.46:802][ 64]LogModuleManager: Shutting down and abandoning module PhysXFormats (58)
[2016.03.19-14.55.46:802][ 64]LogModuleManager: Shutting down and abandoning module MeshUtilities (57)
[2016.03.19-14.55.46:802][ 64]LogModuleManager: Shutting down and abandoning module DerivedDataCache (56)
[2016.03.19-14.55.46:860][ 64]LogDerivedDataCache: Shutdown
[2016.03.19-14.55.46:860][ 64]LogModuleManager: Shutting down and abandoning module ShaderFormatOpenGL (55)
[2016.03.19-14.55.46:860][ 64]LogModuleManager: Shutting down and abandoning module ShaderFormatD3D (54)
[2016.03.19-14.55.46:860][ 64]LogModuleManager: Shutting down and abandoning module MetalShaderFormat (53)
[2016.03.19-14.55.46:860][ 64]LogModuleManager: Shutting down and abandoning module TextureFormatUncompressed (52)
[2016.03.19-14.55.46:860][ 64]LogModuleManager: Shutting down and abandoning module TextureFormatPVR (51)
[2016.03.19-14.55.46:860][ 64]LogModuleManager: Shutting down and abandoning module TextureFormatIntelISPCTexComp (50)
[2016.03.19-14.55.46:860][ 64]LogModuleManager: Shutting down and abandoning module TextureFormatDXT (49)
[2016.03.19-14.55.46:860][ 64]LogModuleManager: Shutting down and abandoning module ImageWrapper (48)
[2016.03.19-14.55.46:860][ 64]LogModuleManager: Shutting down and abandoning module TextureFormatASTC (47)
[2016.03.19-14.55.46:860][ 64]LogModuleManager: Shutting down and abandoning module TextureFormatAndroid (46)
[2016.03.19-14.55.46:860][ 64]LogModuleManager: Shutting down and abandoning module AudioFormatOpus (45)
[2016.03.19-14.55.46:860][ 64]LogModuleManager: Shutting down and abandoning module AudioFormatOgg (44)
[2016.03.19-14.55.46:860][ 64]LogModuleManager: Shutting down and abandoning module AudioFormatADPCM (43)
[2016.03.19-14.55.46:860][ 64]LogModuleManager: Shutting down and abandoning module LinuxTargetPlatform (42)
[2016.03.19-14.55.46:860][ 64]LogModuleManager: Shutting down and abandoning module LinuxServerTargetPlatform (41)
[2016.03.19-14.55.46:860][ 64]LogModuleManager: Shutting down and abandoning module LinuxNoEditorTargetPlatform (40)
[2016.03.19-14.55.46:860][ 64]LogModuleManager: Shutting down and abandoning module Messaging (39)
[2016.03.19-14.55.46:860][ 64]LogModuleManager: Shutting down and abandoning module IOSTargetPlatform (38)
[2016.03.19-14.55.46:860][ 64]LogModuleManager: Shutting down and abandoning module HTML5TargetPlatform (37)
[2016.03.19-14.55.46:860][ 64]LogModuleManager: Shutting down and abandoning module Android_PVRTCTargetPlatform (36)
[2016.03.19-14.55.46:860][ 64]LogModuleManager: Shutting down and abandoning module Android_MultiTargetPlatform (35)
[2016.03.19-14.55.46:860][ 64]LogModuleManager: Shutting down and abandoning module Android_ETC2TargetPlatform (34)
[2016.03.19-14.55.46:860][ 64]LogModuleManager: Shutting down and abandoning module Android_ETC1TargetPlatform (33)
[2016.03.19-14.55.46:860][ 64]LogModuleManager: Shutting down and abandoning module Android_DXTTargetPlatform (32)
[2016.03.19-14.55.46:860][ 64]LogModuleManager: Shutting down and abandoning module Android_ATCTargetPlatform (31)
[2016.03.19-14.55.46:860][ 64]LogModuleManager: Shutting down and abandoning module Android_ASTCTargetPlatform (30)
[2016.03.19-14.55.46:860][ 64]LogModuleManager: Shutting down and abandoning module AndroidTargetPlatform (29)
[2016.03.19-14.55.46:860][ 64]LogModuleManager: Shutting down and abandoning module WindowsTargetPlatform (28)
[2016.03.19-14.55.46:860][ 64]LogModuleManager: Shutting down and abandoning module WindowsServerTargetPlatform (27)
[2016.03.19-14.55.46:860][ 64]LogModuleManager: Shutting down and abandoning module WindowsNoEditorTargetPlatform (26)
[2016.03.19-14.55.46:860][ 64]LogModuleManager: Shutting down and abandoning module WindowsClientTargetPlatform (25)
[2016.03.19-14.55.46:860][ 64]LogModuleManager: Shutting down and abandoning module AllDesktopTargetPlatform (24)
[2016.03.19-14.55.46:860][ 64]LogModuleManager: Shutting down and abandoning module TargetPlatform (23)
[2016.03.19-14.55.46:860][ 64]LogModuleManager: Shutting down and abandoning module InputCore (22)
[2016.03.19-14.55.46:860][ 64]LogModuleManager: Shutting down and abandoning module Settings (21)
[2016.03.19-14.55.46:860][ 64]LogModuleManager: Shutting down and abandoning module OnlineSubsystem (19)
[2016.03.19-14.55.46:860][ 64]LogModuleManager: Shutting down and abandoning module HTTP (18)
[2016.03.19-14.55.48:863][ 64]LogModuleManager: Shutting down and abandoning module XMPP (17)
[2016.03.19-14.55.48:863][ 64]LogModuleManager: Shutting down and abandoning module OculusRift (16)
[2016.03.19-14.55.48:863][ 64]LogModuleManager: Shutting down and abandoning module ExampleDeviceProfileSelector (15)
[2016.03.19-14.55.48:863][ 64]LogModuleManager: Shutting down and abandoning module TextureCompressor (14)
[2016.03.19-14.55.48:863][ 64]LogModuleManager: Shutting down and abandoning module ShaderCore (13)
[2016.03.19-14.55.48:863][ 64]LogModuleManager: Shutting down and abandoning module Landscape (12)
[2016.03.19-14.55.48:863][ 64]LogModuleManager: Shutting down and abandoning module SlateRHIRenderer (11)
[2016.03.19-14.55.48:865][ 64]LogModuleManager: Shutting down and abandoning module OpenGLDrv (10)
[2016.03.19-14.55.48:865][ 64]LogModuleManager: Shutting down and abandoning module D3D11RHI (9)
[2016.03.19-14.55.48:865][ 64]LogModuleManager: Shutting down and abandoning module AnimGraphRuntime (8)
[2016.03.19-14.55.48:865][ 64]LogModuleManager: Shutting down and abandoning module Renderer (7)
[2016.03.19-14.55.48:865][ 64]LogModuleManager: Shutting down and abandoning module Engine (6)
[2016.03.19-14.55.48:865][ 64]LogModuleManager: Shutting down and abandoning module CoreUObject (5)
[2016.03.19-14.55.48:865][ 64]LogModuleManager: Shutting down and abandoning module NetworkFile (4)
[2016.03.19-14.55.48:865][ 64]LogModuleManager: Shutting down and abandoning module StreamingFile (3)
[2016.03.19-14.55.48:865][ 64]LogModuleManager: Shutting down and abandoning module SandboxFile (2)
[2016.03.19-14.55.48:865][ 64]LogModuleManager: Shutting down and abandoning module PakFile (1)
[2016.03.19-14.55.48:866][ 64]LogExit: Exiting.
[2016.03.19-14.55.48:867][ 64]Log file closed, 03/19/16 23:55:48
